TN:
SF:index.js
FNF:0
FNH:0
LF:0
LH:0
BRF:0
BRH:0
end_of_record
TN:
SF:src/compareData.js
FN:3,(anonymous_0)
FN:5,(anonymous_1)
FNF:2
FNH:2
FNDA:15,(anonymous_0)
FNDA:54,(anonymous_1)
DA:3,1
DA:4,15
DA:5,15
DA:6,54
DA:7,6
DA:9,48
DA:10,15
DA:12,33
DA:13,12
DA:15,21
DA:16,12
DA:18,9
DA:20,15
LF:13
LH:13
BRDA:6,0,0,6
BRDA:6,0,1,48
BRDA:9,1,0,15
BRDA:9,1,1,33
BRDA:12,2,0,12
BRDA:12,2,1,21
BRDA:12,3,0,33
BRDA:12,3,1,15
BRDA:15,4,0,12
BRDA:15,4,1,9
BRF:10
BRH:10
end_of_record
TN:
SF:src/index.js
FN:7,(anonymous_0)
FN:9,(anonymous_1)
FNF:2
FNH:2
FNDA:6,(anonymous_0)
FNDA:3,(anonymous_1)
DA:7,6
DA:9,1
DA:10,3
DA:11,3
DA:12,3
DA:13,3
DA:14,3
DA:15,3
DA:16,3
DA:17,3
DA:18,3
DA:19,3
LF:12
LH:12
BRDA:9,0,0,1
BRF:1
BRH:1
end_of_record
TN:
SF:src/parsers.js
FN:3,(anonymous_0)
FNF:1
FNH:1
FNDA:6,(anonymous_0)
DA:3,1
DA:4,6
DA:5,6
LF:3
LH:3
BRDA:4,0,0,3
BRDA:4,0,1,3
BRF:2
BRH:2
end_of_record
TN:
SF:src/formatters/index.js
FN:4,(anonymous_0)
FNF:1
FNH:1
FNDA:3,(anonymous_0)
DA:4,1
DA:5,3
DA:6,1
DA:8,2
DA:9,1
DA:11,1
LF:6
LH:6
BRDA:5,0,0,1
BRDA:5,0,1,2
BRDA:8,1,0,1
BRDA:8,1,1,1
BRF:4
BRH:4
end_of_record
TN:
SF:src/formatters/plain.js
FN:1,(anonymous_0)
FN:11,(anonymous_1)
FN:13,(anonymous_2)
FN:14,(anonymous_3)
FNF:4
FNH:4
FNDA:13,(anonymous_0)
FNDA:5,(anonymous_1)
FNDA:18,(anonymous_2)
FNDA:15,(anonymous_3)
DA:1,1
DA:2,13
DA:3,7
DA:5,6
DA:6,3
DA:8,3
DA:11,1
DA:12,5
DA:13,18
DA:15,15
DA:16,2
DA:18,13
DA:19,5
DA:21,8
DA:22,4
DA:26,4
DA:27,4
DA:31,5
LF:18
LH:18
BRDA:2,0,0,7
BRDA:2,0,1,6
BRDA:2,1,0,13
BRDA:2,1,1,6
BRDA:5,2,0,3
BRDA:5,2,1,3
BRDA:5,3,0,6
BRDA:5,3,1,4
BRDA:11,4,0,1
BRDA:15,5,0,2
BRDA:15,5,1,13
BRDA:18,6,0,5
BRDA:18,6,1,8
BRDA:21,7,0,4
BRDA:21,7,1,4
BRDA:26,8,0,4
BRDA:26,8,1,0
BRF:17
BRH:16
end_of_record
TN:
SF:src/formatters/stylish.js
FN:10,(anonymous_0)
FN:12,(anonymous_1)
FN:13,process
FN:22,(anonymous_3)
FN:32,(anonymous_4)
FN:37,(anonymous_5)
FNF:6
FNH:6
FNDA:12,(anonymous_0)
FNDA:18,(anonymous_1)
FNDA:27,process
FNDA:9,(anonymous_3)
FNDA:5,(anonymous_4)
FNDA:18,(anonymous_5)
DA:3,1
DA:10,12
DA:12,1
DA:14,27
DA:15,20
DA:18,7
DA:19,7
DA:20,7
DA:22,7
DA:23,9
DA:24,9
DA:27,7
DA:29,18
DA:32,1
DA:33,5
DA:34,5
DA:35,5
DA:37,5
DA:39,18
DA:40,4
DA:48,14
DA:49,4
DA:54,10
DA:61,5
LF:24
LH:24
BRDA:10,0,0,5
BRDA:10,1,0,12
BRDA:14,2,0,20
BRDA:14,2,1,7
BRDA:32,3,0,1
BRDA:39,4,0,4
BRDA:39,4,1,14
BRDA:48,5,0,4
BRDA:48,5,1,10
BRF:9
BRH:9
end_of_record
